[debug] [2026-05-15T13:01:02.498Z] ----------------------------------------------------------------------
[debug] [2026-05-15T13:01:02.501Z] Command:       C:\Program Files\nodejs\node.exe C:\Users\helle\AppData\Roaming\npm\node_modules\firebase-tools\lib\bin\firebase.js deploy --only functions:whatsappWebhook --project trackgo-f2461
[debug] [2026-05-15T13:01:02.502Z] CLI Version:   15.7.0
[debug] [2026-05-15T13:01:02.502Z] Platform:      win32
[debug] [2026-05-15T13:01:02.502Z] Node Version:  v22.16.0
[debug] [2026-05-15T13:01:02.502Z] Time:          Fri May 15 2026 10:01:02 GMT-0300 (hora estándar de Brasilia)
[debug] [2026-05-15T13:01:02.502Z] ----------------------------------------------------------------------
[debug] 
[debug] [2026-05-15T13:01:06.586Z] > command requires scopes: ["email","openid","https://www.googleapis.com/auth/cloudplatformprojects.readonly","https://www.googleapis.com/auth/firebase","https://www.googleapis.com/auth/cloud-platform"]
[debug] [2026-05-15T13:01:06.586Z] > authorizing via signed-in user (hellevildrako@gmail.com)
[debug] [2026-05-15T13:01:06.587Z] [iam] checking project trackgo-f2461 for permissions ["cloudfunctions.functions.create","cloudfunctions.functions.delete","cloudfunctions.functions.get","cloudfunctions.functions.list","cloudfunctions.functions.update","cloudfunctions.operations.get","firebase.projects.get"]
[debug] [2026-05-15T13:01:06.589Z] Checked if tokens are valid: false, expires at: 1778850572496
[debug] [2026-05-15T13:01:06.589Z] Checked if tokens are valid: false, expires at: 1778850572496
[debug] [2026-05-15T13:01:06.589Z] > refreshing access token with scopes: []
[debug] [2026-05-15T13:01:06.592Z] >>> [apiv2][query] POST https://www.googleapis.com/oauth2/v3/token [none]
[debug] [2026-05-15T13:01:06.592Z] >>> [apiv2][body] POST https://www.googleapis.com/oauth2/v3/token [omitted]
[debug] [2026-05-15T13:01:07.821Z] <<< [apiv2][status] POST https://www.googleapis.com/oauth2/v3/token 200
[debug] [2026-05-15T13:01:07.821Z] <<< [apiv2][body] POST https://www.googleapis.com/oauth2/v3/token [omitted]
[debug] [2026-05-15T13:01:07.843Z] >>> [apiv2][query] POST https://cloudresourcemanager.googleapis.com/v1/projects/trackgo-f2461:testIamPermissions [none]
[debug] [2026-05-15T13:01:07.843Z] >>> [apiv2][(partial)header] POST https://cloudresourcemanager.googleapis.com/v1/projects/trackgo-f2461:testIamPermissions  x-goog-user-project=trackgo-f2461
[debug] [2026-05-15T13:01:07.843Z] >>> [apiv2][body] POST https://cloudresourcemanager.googleapis.com/v1/projects/trackgo-f2461:testIamPermissions {"permissions":["cloudfunctions.functions.create","cloudfunctions.functions.delete","cloudfunctions.functions.get","cloudfunctions.functions.list","cloudfunctions.functions.update","cloudfunctions.operations.get","firebase.projects.get"]}
[debug] [2026-05-15T13:01:08.909Z] <<< [apiv2][status] POST https://cloudresourcemanager.googleapis.com/v1/projects/trackgo-f2461:testIamPermissions 200
[debug] [2026-05-15T13:01:08.910Z] <<< [apiv2][body] POST https://cloudresourcemanager.googleapis.com/v1/projects/trackgo-f2461:testIamPermissions {"permissions":["cloudfunctions.functions.create","cloudfunctions.functions.delete","cloudfunctions.functions.get","cloudfunctions.functions.list","cloudfunctions.functions.update","cloudfunctions.operations.get","firebase.projects.get"]}
[debug] [2026-05-15T13:01:08.911Z] Checked if tokens are valid: true, expires at: 1778853666822
[debug] [2026-05-15T13:01:08.912Z] Checked if tokens are valid: true, expires at: 1778853666822
[debug] [2026-05-15T13:01:08.912Z] >>> [apiv2][query] POST https://iam.googleapis.com/v1/projects/trackgo-f2461/serviceAccounts/trackgo-f2461@appspot.gserviceaccount.com:testIamPermissions [none]
[debug] [2026-05-15T13:01:08.912Z] >>> [apiv2][body] POST https://iam.googleapis.com/v1/projects/trackgo-f2461/serviceAccounts/trackgo-f2461@appspot.gserviceaccount.com:testIamPermissions {"permissions":["iam.serviceAccounts.actAs"]}
[debug] [2026-05-15T13:01:09.972Z] <<< [apiv2][status] POST https://iam.googleapis.com/v1/projects/trackgo-f2461/serviceAccounts/trackgo-f2461@appspot.gserviceaccount.com:testIamPermissions 200
[debug] [2026-05-15T13:01:09.972Z] <<< [apiv2][body] POST https://iam.googleapis.com/v1/projects/trackgo-f2461/serviceAccounts/trackgo-f2461@appspot.gserviceaccount.com:testIamPermissions {"permissions":["iam.serviceAccounts.actAs"]}
[info] 
[info] === Deploying to 'trackgo-f2461'...
[info] 
[info] i  deploying functions 
[info] Running command: npm --prefix "$RESOURCE_DIR" run lint
